<?xml version="1.0" encoding="UTF-8"?>
<!-- Generated by org.testng.reporters.JUnitReportReporter -->
<testsuite hostname="GauravNimkande" failures="0" tests="7" name="parallel.ParallelRunner" time="153.427" errors="2" timestamp="04 Jul 2021 13:09:02 GMT" skipped="0">
  <testcase classname="parallel.ParallelRunner" name="runScenario" time="23.863"/>
  <testcase classname="parallel.ParallelRunner" name="runScenario" time="21.024">
    <error message="Cannot invoke &quot;org.apache.poi.ss.usermodel.Sheet.getPhysicalNumberOfRows()&quot; because &quot;sheet&quot; is null" type="java.lang.NullPointerException">
      <![CDATA[java.lang.NullPointerException: Cannot invoke "org.apache.poi.ss.usermodel.Sheet.getPhysicalNumberOfRows()" because "sheet" is null
at com.qa.utils.ExcelReader.readSheet(ExcelReader.java:49)
at com.qa.utils.ExcelReader.getData(ExcelReader.java:24)
at parallel.ContactusPageSteps.user_fills_the_from_given_sheetname_and_rownumber(ContactusPageSteps.java:35)
at ✽.user fills the from given sheetname "<Sheetname>" and rownumber 1(classpath:parallel/Contactus.feature:4)
]]>
    </error>
  </testcase> <!-- runScenario -->
  <testcase classname="parallel.ParallelRunner" name="runScenario" time="23.840"/>
  <testcase classname="parallel.ParallelRunner" name="runScenario" time="20.576">
    <error message="Cannot invoke &quot;org.apache.poi.ss.usermodel.Sheet.getPhysicalNumberOfRows()&quot; because &quot;sheet&quot; is null" type="java.lang.NullPointerException">
      <![CDATA[java.lang.NullPointerException: Cannot invoke "org.apache.poi.ss.usermodel.Sheet.getPhysicalNumberOfRows()" because "sheet" is null
at com.qa.utils.ExcelReader.readSheet(ExcelReader.java:49)
at com.qa.utils.ExcelReader.getData(ExcelReader.java:24)
at parallel.ContactusPageSteps.user_fills_the_from_given_sheetname_and_rownumber(ContactusPageSteps.java:35)
at ✽.user fills the from given sheetname "<Sheetname>" and rownumber 0(classpath:parallel/Contactus.feature:4)
]]>
    </error>
  </testcase> <!-- runScenario -->
  <testcase classname="parallel.ParallelRunner" name="runScenario" time="19.329"/>
  <testcase classname="parallel.ParallelRunner" name="runScenario" time="20.408"/>
  <testcase classname="parallel.ParallelRunner" name="runScenario" time="24.387"/>
</testsuite> <!-- parallel.ParallelRunner -->
